c:\users\wanne\desktop\dae lessons\year 2\semester 2\programming 4\engines\engine\exam_assignment\digdug\x64\debug\digdug.pch
c:\users\wanne\desktop\dae lessons\year 2\semester 2\programming 4\engines\engine\exam_assignment\digdug\x64\debug\vc141.pdb
c:\users\wanne\desktop\dae lessons\year 2\semester 2\programming 4\engines\engine\exam_assignment\digdug\x64\debug\vc141.idb
c:\users\wanne\desktop\dae lessons\year 2\semester 2\programming 4\engines\engine\exam_assignment\digdug\x64\debug\pch.obj
c:\users\wanne\desktop\dae lessons\year 2\semester 2\programming 4\engines\engine\exam_assignment\digdug\x64\debug\versusscene.obj
c:\users\wanne\desktop\dae lessons\year 2\semester 2\programming 4\engines\engine\exam_assignment\digdug\x64\debug\startscene.obj
c:\users\wanne\desktop\dae lessons\year 2\semester 2\programming 4\engines\engine\exam_assignment\digdug\x64\debug\soloscene.obj
c:\users\wanne\desktop\dae lessons\year 2\semester 2\programming 4\engines\engine\exam_assignment\digdug\x64\debug\game.obj
c:\users\wanne\desktop\dae lessons\year 2\semester 2\programming 4\engines\engine\exam_assignment\digdug\x64\debug\digdug.obj
c:\users\wanne\desktop\dae lessons\year 2\semester 2\programming 4\engines\engine\exam_assignment\digdug\x64\debug\coopscene.obj
c:\users\wanne\desktop\dae lessons\year 2\semester 2\programming 4\engines\engine\exam_assignment\digdug\x64\debug\pointsmanager.obj
c:\users\wanne\desktop\dae lessons\year 2\semester 2\programming 4\engines\engine\exam_assignment\digdug\x64\debug\endsceen.obj
c:\users\wanne\desktop\dae lessons\year 2\semester 2\programming 4\engines\engine\exam_assignment\digdug\x64\debug\digdugweaponcomponent.obj
c:\users\wanne\desktop\dae lessons\year 2\semester 2\programming 4\engines\engine\exam_assignment\digdug\x64\debug\digdugmapcomponent.obj
c:\users\wanne\desktop\dae lessons\year 2\semester 2\programming 4\engines\engine\exam_assignment\digdug\x64\debug\digdughealthcomponent.obj
c:\users\wanne\desktop\dae lessons\year 2\semester 2\programming 4\engines\engine\exam_assignment\digdug\x64\debug\aicomponent.obj
c:\users\wanne\desktop\dae lessons\year 2\semester 2\programming 4\engines\engine\exam_assignment\x64\debug\digdug.lib
c:\users\wanne\desktop\dae lessons\year 2\semester 2\programming 4\engines\engine\exam_assignment\x64\debug\digdug.exp
c:\users\wanne\desktop\dae lessons\year 2\semester 2\programming 4\engines\engine\exam_assignment\x64\debug\digdug.ilk
c:\users\wanne\desktop\dae lessons\year 2\semester 2\programming 4\engines\engine\exam_assignment\x64\debug\digdug.exe
c:\users\wanne\desktop\dae lessons\year 2\semester 2\programming 4\engines\engine\exam_assignment\x64\debug\digdug.pdb
c:\users\wanne\desktop\engine\exam_assignment\digdug\x64\debug\aicomponent.obj
c:\users\wanne\desktop\engine\exam_assignment\digdug\x64\debug\coopscene.obj
c:\users\wanne\desktop\engine\exam_assignment\digdug\x64\debug\digdug.obj
c:\users\wanne\desktop\engine\exam_assignment\digdug\x64\debug\digdughealthcomponent.obj
c:\users\wanne\desktop\engine\exam_assignment\digdug\x64\debug\digdugmapcomponent.obj
c:\users\wanne\desktop\engine\exam_assignment\digdug\x64\debug\digdugweaponcomponent.obj
c:\users\wanne\desktop\engine\exam_assignment\digdug\x64\debug\endsceen.obj
c:\users\wanne\desktop\engine\exam_assignment\digdug\x64\debug\game.obj
c:\users\wanne\desktop\engine\exam_assignment\digdug\x64\debug\pch.obj
c:\users\wanne\desktop\engine\exam_assignment\digdug\x64\debug\pointsmanager.obj
c:\users\wanne\desktop\engine\exam_assignment\digdug\x64\debug\soloscene.obj
c:\users\wanne\desktop\engine\exam_assignment\digdug\x64\debug\startscene.obj
c:\users\wanne\desktop\engine\exam_assignment\digdug\x64\debug\versusscene.obj
c:\users\wanne\desktop\engine\exam_assignment\digdug\x64\debug\digdug.pch
c:\users\wanne\desktop\engine\exam_assignment\digdug\x64\debug\vc141.idb
c:\users\wanne\desktop\engine\exam_assignment\digdug\x64\debug\vc141.pdb
c:\users\wanne\desktop\engine\exam_assignment\x64\debug\digdug.pdb
c:\users\wanne\desktop\engine\exam_assignment\x64\debug\digdug.exe
c:\users\wanne\desktop\engine\exam_assignment\x64\debug\digdug.ilk
c:\users\wanne\desktop\engine\exam_assignment\digdug\x64\debug\digdug.tlog\cl.command.1.tlog
c:\users\wanne\desktop\engine\exam_assignment\digdug\x64\debug\digdug.tlog\cl.read.1.tlog
c:\users\wanne\desktop\engine\exam_assignment\digdug\x64\debug\digdug.tlog\cl.write.1.tlog
c:\users\wanne\desktop\engine\exam_assignment\digdug\x64\debug\digdug.tlog\digdug.write.1u.tlog
c:\users\wanne\desktop\engine\exam_assignment\digdug\x64\debug\digdug.tlog\link.command.1.tlog
c:\users\wanne\desktop\engine\exam_assignment\digdug\x64\debug\digdug.tlog\link.read.1.tlog
c:\users\wanne\desktop\engine\exam_assignment\digdug\x64\debug\digdug.tlog\link.write.1.tlog
