c:\users\wanne\desktop\dae lessons\year 2\semester 2\programming 4\engines\engine\exam_assignment\digdug\release\digdug.pch
c:\users\wanne\desktop\dae lessons\year 2\semester 2\programming 4\engines\engine\exam_assignment\digdug\release\vc141.pdb
c:\users\wanne\desktop\dae lessons\year 2\semester 2\programming 4\engines\engine\exam_assignment\digdug\release\pch.obj
c:\users\wanne\desktop\dae lessons\year 2\semester 2\programming 4\engines\engine\exam_assignment\digdug\release\versusscene.obj
c:\users\wanne\desktop\dae lessons\year 2\semester 2\programming 4\engines\engine\exam_assignment\digdug\release\startscene.obj
c:\users\wanne\desktop\dae lessons\year 2\semester 2\programming 4\engines\engine\exam_assignment\digdug\release\soloscene.obj
c:\users\wanne\desktop\dae lessons\year 2\semester 2\programming 4\engines\engine\exam_assignment\digdug\release\game.obj
c:\users\wanne\desktop\dae lessons\year 2\semester 2\programming 4\engines\engine\exam_assignment\digdug\release\digdug.obj
c:\users\wanne\desktop\dae lessons\year 2\semester 2\programming 4\engines\engine\exam_assignment\digdug\release\coopscene.obj
c:\users\wanne\desktop\dae lessons\year 2\semester 2\programming 4\engines\engine\exam_assignment\digdug\release\pointsmanager.obj
c:\users\wanne\desktop\dae lessons\year 2\semester 2\programming 4\engines\engine\exam_assignment\digdug\release\endsceen.obj
c:\users\wanne\desktop\dae lessons\year 2\semester 2\programming 4\engines\engine\exam_assignment\digdug\release\digdugweaponcomponent.obj
c:\users\wanne\desktop\dae lessons\year 2\semester 2\programming 4\engines\engine\exam_assignment\digdug\release\digdugmapcomponent.obj
c:\users\wanne\desktop\dae lessons\year 2\semester 2\programming 4\engines\engine\exam_assignment\digdug\release\digdughealthcomponent.obj
c:\users\wanne\desktop\dae lessons\year 2\semester 2\programming 4\engines\engine\exam_assignment\digdug\release\aicomponent.obj
c:\users\wanne\desktop\dae lessons\year 2\semester 2\programming 4\engines\engine\exam_assignment\release\digdug.lib
c:\users\wanne\desktop\dae lessons\year 2\semester 2\programming 4\engines\engine\exam_assignment\release\digdug.exp
c:\users\wanne\desktop\dae lessons\year 2\semester 2\programming 4\engines\engine\exam_assignment\release\digdug.ipdb
c:\users\wanne\desktop\dae lessons\year 2\semester 2\programming 4\engines\engine\exam_assignment\release\digdug.iobj
c:\users\wanne\desktop\dae lessons\year 2\semester 2\programming 4\engines\engine\exam_assignment\release\digdug.exe
c:\users\wanne\desktop\dae lessons\year 2\semester 2\programming 4\engines\engine\exam_assignment\release\digdug.pdb
c:\users\wanne\desktop\engine\exam_assignment\digdug\release\aicomponent.obj
c:\users\wanne\desktop\engine\exam_assignment\digdug\release\coopscene.obj
c:\users\wanne\desktop\engine\exam_assignment\digdug\release\digdug.obj
c:\users\wanne\desktop\engine\exam_assignment\digdug\release\digdughealthcomponent.obj
c:\users\wanne\desktop\engine\exam_assignment\digdug\release\digdugmapcomponent.obj
c:\users\wanne\desktop\engine\exam_assignment\digdug\release\digdugweaponcomponent.obj
c:\users\wanne\desktop\engine\exam_assignment\digdug\release\endsceen.obj
c:\users\wanne\desktop\engine\exam_assignment\digdug\release\game.obj
c:\users\wanne\desktop\engine\exam_assignment\digdug\release\pch.obj
c:\users\wanne\desktop\engine\exam_assignment\digdug\release\pointsmanager.obj
c:\users\wanne\desktop\engine\exam_assignment\digdug\release\soloscene.obj
c:\users\wanne\desktop\engine\exam_assignment\digdug\release\startscene.obj
c:\users\wanne\desktop\engine\exam_assignment\digdug\release\versusscene.obj
c:\users\wanne\desktop\engine\exam_assignment\digdug\release\digdug.pch
c:\users\wanne\desktop\engine\exam_assignment\digdug\release\vc141.pdb
c:\users\wanne\desktop\engine\exam_assignment\release\digdug.pdb
c:\users\wanne\desktop\engine\exam_assignment\release\digdug.exe
c:\users\wanne\desktop\engine\exam_assignment\digdug\release\digdug.tlog\cl.command.1.tlog
c:\users\wanne\desktop\engine\exam_assignment\digdug\release\digdug.tlog\cl.read.1.tlog
c:\users\wanne\desktop\engine\exam_assignment\digdug\release\digdug.tlog\cl.write.1.tlog
c:\users\wanne\desktop\engine\exam_assignment\digdug\release\digdug.tlog\digdug.write.1u.tlog
c:\users\wanne\desktop\engine\exam_assignment\digdug\release\digdug.tlog\link.command.1.tlog
c:\users\wanne\desktop\engine\exam_assignment\digdug\release\digdug.tlog\link.read.1.tlog
c:\users\wanne\desktop\engine\exam_assignment\digdug\release\digdug.tlog\link.write.1.tlog
