c:\users\wanne\desktop\dae lessons\year 2\semester 2\programming 4\engines\engine\exam_assignment\levelcreator\x64\debug\levelcreator.pch
c:\users\wanne\desktop\dae lessons\year 2\semester 2\programming 4\engines\engine\exam_assignment\levelcreator\x64\debug\vc141.pdb
c:\users\wanne\desktop\dae lessons\year 2\semester 2\programming 4\engines\engine\exam_assignment\levelcreator\x64\debug\vc141.idb
c:\users\wanne\desktop\dae lessons\year 2\semester 2\programming 4\engines\engine\exam_assignment\levelcreator\x64\debug\pch.obj
c:\users\wanne\desktop\dae lessons\year 2\semester 2\programming 4\engines\engine\exam_assignment\levelcreator\x64\debug\levelcreator.obj
c:\users\wanne\desktop\dae lessons\year 2\semester 2\programming 4\engines\engine\exam_assignment\levelcreator\x64\debug\binarywriter.obj
c:\users\wanne\desktop\dae lessons\year 2\semester 2\programming 4\engines\engine\exam_assignment\levelcreator\x64\debug\binaryreader.obj
c:\users\wanne\desktop\dae lessons\year 2\semester 2\programming 4\engines\engine\exam_assignment\x64\debug\levelcreator.ilk
c:\users\wanne\desktop\dae lessons\year 2\semester 2\programming 4\engines\engine\exam_assignment\x64\debug\levelcreator.exe
c:\users\wanne\desktop\dae lessons\year 2\semester 2\programming 4\engines\engine\exam_assignment\x64\debug\levelcreator.pdb
c:\users\wanne\desktop\engine\exam_assignment\levelcreator\x64\debug\binaryreader.obj
c:\users\wanne\desktop\engine\exam_assignment\levelcreator\x64\debug\binarywriter.obj
c:\users\wanne\desktop\engine\exam_assignment\levelcreator\x64\debug\levelcreator.obj
c:\users\wanne\desktop\engine\exam_assignment\levelcreator\x64\debug\pch.obj
c:\users\wanne\desktop\engine\exam_assignment\levelcreator\x64\debug\levelcreator.pch
c:\users\wanne\desktop\engine\exam_assignment\levelcreator\x64\debug\vc141.idb
c:\users\wanne\desktop\engine\exam_assignment\levelcreator\x64\debug\vc141.pdb
c:\users\wanne\desktop\engine\exam_assignment\x64\debug\levelcreator.pdb
c:\users\wanne\desktop\engine\exam_assignment\x64\debug\levelcreator.exe
c:\users\wanne\desktop\engine\exam_assignment\x64\debug\levelcreator.ilk
c:\users\wanne\desktop\engine\exam_assignment\levelcreator\x64\debug\levelcreator.tlog\cl.command.1.tlog
c:\users\wanne\desktop\engine\exam_assignment\levelcreator\x64\debug\levelcreator.tlog\cl.read.1.tlog
c:\users\wanne\desktop\engine\exam_assignment\levelcreator\x64\debug\levelcreator.tlog\cl.write.1.tlog
c:\users\wanne\desktop\engine\exam_assignment\levelcreator\x64\debug\levelcreator.tlog\link.command.1.tlog
c:\users\wanne\desktop\engine\exam_assignment\levelcreator\x64\debug\levelcreator.tlog\link.read.1.tlog
c:\users\wanne\desktop\engine\exam_assignment\levelcreator\x64\debug\levelcreator.tlog\link.write.1.tlog
