c:\users\wanne\desktop\dae lessons\year 2\semester 2\programming 4\engines\engine\exam_assignment\minigin\win32\release\minigin.pch
c:\users\wanne\desktop\dae lessons\year 2\semester 2\programming 4\engines\engine\exam_assignment\minigin\win32\release\minigin.pdb
c:\users\wanne\desktop\dae lessons\year 2\semester 2\programming 4\engines\engine\exam_assignment\minigin\win32\release\miniginpch.obj
c:\users\wanne\desktop\dae lessons\year 2\semester 2\programming 4\engines\engine\exam_assignment\minigin\win32\release\soundeffect.obj
c:\users\wanne\desktop\dae lessons\year 2\semester 2\programming 4\engines\engine\exam_assignment\minigin\win32\release\scenemanager.obj
c:\users\wanne\desktop\dae lessons\year 2\semester 2\programming 4\engines\engine\exam_assignment\minigin\win32\release\scene.obj
c:\users\wanne\desktop\dae lessons\year 2\semester 2\programming 4\engines\engine\exam_assignment\minigin\win32\release\fallingcomponent.obj
c:\users\wanne\desktop\dae lessons\year 2\semester 2\programming 4\engines\engine\exam_assignment\minigin\win32\release\resourcemanager.obj
c:\users\wanne\desktop\dae lessons\year 2\semester 2\programming 4\engines\engine\exam_assignment\minigin\win32\release\renderer.obj
c:\users\wanne\desktop\dae lessons\year 2\semester 2\programming 4\engines\engine\exam_assignment\minigin\win32\release\movementcomponent.obj
c:\users\wanne\desktop\dae lessons\year 2\semester 2\programming 4\engines\engine\exam_assignment\minigin\win32\release\mapcomponent.obj
c:\users\wanne\desktop\dae lessons\year 2\semester 2\programming 4\engines\engine\exam_assignment\minigin\win32\release\logger.obj
c:\users\wanne\desktop\dae lessons\year 2\semester 2\programming 4\engines\engine\exam_assignment\minigin\win32\release\locator.obj
c:\users\wanne\desktop\dae lessons\year 2\semester 2\programming 4\engines\engine\exam_assignment\minigin\win32\release\inputmanager.obj
c:\users\wanne\desktop\dae lessons\year 2\semester 2\programming 4\engines\engine\exam_assignment\minigin\win32\release\gameobject.obj
c:\users\wanne\desktop\dae lessons\year 2\semester 2\programming 4\engines\engine\exam_assignment\minigin\win32\release\fpscomponent.obj
c:\users\wanne\desktop\dae lessons\year 2\semester 2\programming 4\engines\engine\exam_assignment\minigin\win32\release\font.obj
c:\users\wanne\desktop\dae lessons\year 2\semester 2\programming 4\engines\engine\exam_assignment\minigin\win32\release\component.obj
c:\users\wanne\desktop\dae lessons\year 2\semester 2\programming 4\engines\engine\exam_assignment\minigin\win32\release\collisioncomponent.obj
c:\users\wanne\desktop\dae lessons\year 2\semester 2\programming 4\engines\engine\exam_assignment\minigin\win32\release\buttonmanager.obj
c:\users\wanne\desktop\dae lessons\year 2\semester 2\programming 4\engines\engine\exam_assignment\minigin\win32\release\buttoncomponent.obj
c:\users\wanne\desktop\dae lessons\year 2\semester 2\programming 4\engines\engine\exam_assignment\minigin\win32\release\binaryreader.obj
c:\users\wanne\desktop\dae lessons\year 2\semester 2\programming 4\engines\engine\exam_assignment\minigin\win32\release\astarpathfinder.obj
c:\users\wanne\desktop\dae lessons\year 2\semester 2\programming 4\engines\engine\exam_assignment\minigin\win32\release\transformcomponent.obj
c:\users\wanne\desktop\dae lessons\year 2\semester 2\programming 4\engines\engine\exam_assignment\minigin\win32\release\texturecomponent.obj
c:\users\wanne\desktop\dae lessons\year 2\semester 2\programming 4\engines\engine\exam_assignment\minigin\win32\release\texture2d.obj
c:\users\wanne\desktop\dae lessons\year 2\semester 2\programming 4\engines\engine\exam_assignment\minigin\win32\release\textcomponent.obj
c:\users\wanne\desktop\dae lessons\year 2\semester 2\programming 4\engines\engine\exam_assignment\minigin\win32\release\statemachine.obj
c:\users\wanne\desktop\dae lessons\year 2\semester 2\programming 4\engines\engine\exam_assignment\minigin\win32\release\spritecomponent.obj
c:\users\wanne\desktop\dae lessons\year 2\semester 2\programming 4\engines\engine\exam_assignment\win32\release\minigin.lib
c:\users\wanne\desktop\dae lessons\year 2\semester 2\programming 4\engines\engine\exam_assignment\minigin\win32\release\minigin.tlog\cl.command.1.tlog
c:\users\wanne\desktop\dae lessons\year 2\semester 2\programming 4\engines\engine\exam_assignment\minigin\win32\release\minigin.tlog\cl.read.1.tlog
c:\users\wanne\desktop\dae lessons\year 2\semester 2\programming 4\engines\engine\exam_assignment\minigin\win32\release\minigin.tlog\cl.write.1.tlog
c:\users\wanne\desktop\dae lessons\year 2\semester 2\programming 4\engines\engine\exam_assignment\minigin\win32\release\minigin.tlog\lib-link.read.1.tlog
c:\users\wanne\desktop\dae lessons\year 2\semester 2\programming 4\engines\engine\exam_assignment\minigin\win32\release\minigin.tlog\lib-link.write.1.tlog
c:\users\wanne\desktop\dae lessons\year 2\semester 2\programming 4\engines\engine\exam_assignment\minigin\win32\release\minigin.tlog\lib.command.1.tlog
