c:\users\wanne\desktop\dae lessons\year 2\semester 2\programming 4\engines\engine\exam_assignment\digdug\debug\digdug.pch
c:\users\wanne\desktop\dae lessons\year 2\semester 2\programming 4\engines\engine\exam_assignment\digdug\debug\vc141.pdb
c:\users\wanne\desktop\dae lessons\year 2\semester 2\programming 4\engines\engine\exam_assignment\digdug\debug\vc141.idb
c:\users\wanne\desktop\dae lessons\year 2\semester 2\programming 4\engines\engine\exam_assignment\digdug\debug\pch.obj
c:\users\wanne\desktop\dae lessons\year 2\semester 2\programming 4\engines\engine\exam_assignment\digdug\debug\versusscene.obj
c:\users\wanne\desktop\dae lessons\year 2\semester 2\programming 4\engines\engine\exam_assignment\digdug\debug\startscene.obj
c:\users\wanne\desktop\dae lessons\year 2\semester 2\programming 4\engines\engine\exam_assignment\digdug\debug\soloscene.obj
c:\users\wanne\desktop\dae lessons\year 2\semester 2\programming 4\engines\engine\exam_assignment\digdug\debug\game.obj
c:\users\wanne\desktop\dae lessons\year 2\semester 2\programming 4\engines\engine\exam_assignment\digdug\debug\digdug.obj
c:\users\wanne\desktop\dae lessons\year 2\semester 2\programming 4\engines\engine\exam_assignment\digdug\debug\coopscene.obj
c:\users\wanne\desktop\dae lessons\year 2\semester 2\programming 4\engines\engine\exam_assignment\digdug\debug\pointsmanager.obj
c:\users\wanne\desktop\dae lessons\year 2\semester 2\programming 4\engines\engine\exam_assignment\digdug\debug\enemyspawner.obj
c:\users\wanne\desktop\dae lessons\year 2\semester 2\programming 4\engines\engine\exam_assignment\digdug\debug\endsceen.obj
c:\users\wanne\desktop\dae lessons\year 2\semester 2\programming 4\engines\engine\exam_assignment\digdug\debug\digdugweaponcomponent.obj
c:\users\wanne\desktop\dae lessons\year 2\semester 2\programming 4\engines\engine\exam_assignment\digdug\debug\digdugmapcomponent.obj
c:\users\wanne\desktop\dae lessons\year 2\semester 2\programming 4\engines\engine\exam_assignment\digdug\debug\digduginflatecomponent.obj
c:\users\wanne\desktop\dae lessons\year 2\semester 2\programming 4\engines\engine\exam_assignment\digdug\debug\digdughealthcomponent.obj
c:\users\wanne\desktop\dae lessons\year 2\semester 2\programming 4\engines\engine\exam_assignment\digdug\debug\digdugghostcomponent.obj
c:\users\wanne\desktop\dae lessons\year 2\semester 2\programming 4\engines\engine\exam_assignment\digdug\debug\aicomponent.obj
c:\users\wanne\desktop\dae lessons\year 2\semester 2\programming 4\engines\engine\exam_assignment\debug\digdug.lib
c:\users\wanne\desktop\dae lessons\year 2\semester 2\programming 4\engines\engine\exam_assignment\debug\digdug.exp
c:\users\wanne\desktop\dae lessons\year 2\semester 2\programming 4\engines\engine\exam_assignment\debug\digdug.exe
c:\users\wanne\desktop\dae lessons\year 2\semester 2\programming 4\engines\engine\exam_assignment\debug\digdug.ilk
c:\users\wanne\desktop\dae lessons\year 2\semester 2\programming 4\engines\engine\exam_assignment\debug\digdug.pdb
c:\users\wanne\desktop\dae lessons\year 2\semester 2\programming 4\engines\engine\exam_assignment\digdug\debug\digdug.tlog\cl.command.1.tlog
c:\users\wanne\desktop\dae lessons\year 2\semester 2\programming 4\engines\engine\exam_assignment\digdug\debug\digdug.tlog\cl.read.1.tlog
c:\users\wanne\desktop\dae lessons\year 2\semester 2\programming 4\engines\engine\exam_assignment\digdug\debug\digdug.tlog\cl.write.1.tlog
c:\users\wanne\desktop\dae lessons\year 2\semester 2\programming 4\engines\engine\exam_assignment\digdug\debug\digdug.tlog\digdug.write.1u.tlog
c:\users\wanne\desktop\dae lessons\year 2\semester 2\programming 4\engines\engine\exam_assignment\digdug\debug\digdug.tlog\link.command.1.tlog
c:\users\wanne\desktop\dae lessons\year 2\semester 2\programming 4\engines\engine\exam_assignment\digdug\debug\digdug.tlog\link.read.1.tlog
c:\users\wanne\desktop\dae lessons\year 2\semester 2\programming 4\engines\engine\exam_assignment\digdug\debug\digdug.tlog\link.write.1.tlog
