c:\users\wanne\desktop\dae lessons\year 2\semester 2\programming 4\engines\engine\exam_assignment\levelcreator\x64\release\levelcreator.pch
c:\users\wanne\desktop\dae lessons\year 2\semester 2\programming 4\engines\engine\exam_assignment\levelcreator\x64\release\vc141.pdb
c:\users\wanne\desktop\dae lessons\year 2\semester 2\programming 4\engines\engine\exam_assignment\levelcreator\x64\release\pch.obj
c:\users\wanne\desktop\dae lessons\year 2\semester 2\programming 4\engines\engine\exam_assignment\levelcreator\x64\release\levelcreator.obj
c:\users\wanne\desktop\dae lessons\year 2\semester 2\programming 4\engines\engine\exam_assignment\levelcreator\x64\release\binarywriter.obj
c:\users\wanne\desktop\dae lessons\year 2\semester 2\programming 4\engines\engine\exam_assignment\levelcreator\x64\release\binaryreader.obj
c:\users\wanne\desktop\dae lessons\year 2\semester 2\programming 4\engines\engine\exam_assignment\x64\release\levelcreator.ipdb
c:\users\wanne\desktop\dae lessons\year 2\semester 2\programming 4\engines\engine\exam_assignment\x64\release\levelcreator.iobj
c:\users\wanne\desktop\dae lessons\year 2\semester 2\programming 4\engines\engine\exam_assignment\x64\release\levelcreator.exe
c:\users\wanne\desktop\dae lessons\year 2\semester 2\programming 4\engines\engine\exam_assignment\x64\release\levelcreator.pdb
c:\users\wanne\desktop\engine\exam_assignment\levelcreator\x64\release\binaryreader.obj
c:\users\wanne\desktop\engine\exam_assignment\levelcreator\x64\release\binarywriter.obj
c:\users\wanne\desktop\engine\exam_assignment\levelcreator\x64\release\levelcreator.obj
c:\users\wanne\desktop\engine\exam_assignment\levelcreator\x64\release\pch.obj
c:\users\wanne\desktop\engine\exam_assignment\levelcreator\x64\release\levelcreator.pch
c:\users\wanne\desktop\engine\exam_assignment\levelcreator\x64\release\vc141.pdb
c:\users\wanne\desktop\engine\exam_assignment\x64\release\levelcreator.pdb
c:\users\wanne\desktop\engine\exam_assignment\x64\release\levelcreator.exe
c:\users\wanne\desktop\engine\exam_assignment\levelcreator\x64\release\levelcreator.tlog\cl.command.1.tlog
c:\users\wanne\desktop\engine\exam_assignment\levelcreator\x64\release\levelcreator.tlog\cl.read.1.tlog
c:\users\wanne\desktop\engine\exam_assignment\levelcreator\x64\release\levelcreator.tlog\cl.write.1.tlog
c:\users\wanne\desktop\engine\exam_assignment\levelcreator\x64\release\levelcreator.tlog\levelcreator.write.1u.tlog
c:\users\wanne\desktop\engine\exam_assignment\levelcreator\x64\release\levelcreator.tlog\link.command.1.tlog
c:\users\wanne\desktop\engine\exam_assignment\levelcreator\x64\release\levelcreator.tlog\link.read.1.tlog
c:\users\wanne\desktop\engine\exam_assignment\levelcreator\x64\release\levelcreator.tlog\link.write.1.tlog
